<?xml version="1.0" encoding="UTF-8"?>
<!-- Generated by org.testng.reporters.JUnitReportReporter -->
<testsuite hostname="DESKTOP-GU0DP2S" failures="0" tests="1" name="com.saucedemo.TestPack.TestClassAddToCart" time="30.314" errors="0" timestamp="2023-03-15T20:59:43 IST" skipped="0">
  <testcase classname="com.saucedemo.TestPack.TestClassAddToCart" name="verifyBagProductAddToCartFunctionality" time="30.314"/>
  <system-out/>
</testsuite> <!-- com.saucedemo.TestPack.TestClassAddToCart -->
